<?xml version="1.0" encoding="UTF-8"?>
<!-- Generated by org.testng.reporters.JUnitReportReporter -->
<testsuite hostname="DESKTOP-EH3H1EK" failures="0" tests="1" name="driverFactory.AppTest" time="81.033" errors="0" timestamp="2024-12-09T12:03:26 IST" skipped="0">
  <testcase classname="driverFactory.AppTest" name="startTest" time="81.033">
    <system-out>
      <![CDATA[You are now in currect page...........Dashboard « Stock Accounting
you are in another url
Stock-000003678      Stock-000003678
you are in another url
you are in another url]]>
    </system-out>
  </testcase> <!-- startTest -->
  <system-out>
    <![CDATA[You are now in currect page...........Dashboard « Stock Accounting
you are in another url
Stock-000003678      Stock-000003678
you are in another url
you are in another url]]>
  </system-out>
</testsuite> <!-- driverFactory.AppTest -->
