<?xml version="1.0" encoding="UTF-8"?>
<!-- Generated by org.testng.reporters.JUnitReportReporter -->
<testsuite hostname="DESKTOP-EH3H1EK" failures="0" tests="1" name="driverFactory.AppTest" time="83.655" errors="0" timestamp="2024-12-06T19:50:22 IST" skipped="0">
  <testcase classname="driverFactory.AppTest" name="startTest" time="83.655">
    <system-out>
      <![CDATA[You are now in currect page...........Dashboard « Stock Accounting
you are in another url
Stock-000003678      Stock-000003678
you are in another url
you are in another url
Customer-00000013505     Customer-00000013505]]>
    </system-out>
  </testcase> <!-- startTest -->
  <system-out>
    <![CDATA[You are now in currect page...........Dashboard « Stock Accounting
you are in another url
Stock-000003678      Stock-000003678
you are in another url
you are in another url
Customer-00000013505     Customer-00000013505]]>
  </system-out>
</testsuite> <!-- driverFactory.AppTest -->
